2021-12-16 10:42:40,982 [main] INFO  com.study.boot.quicklogin.QuickLoginApplication : Starting QuickLoginApplication using Java 1.8.0_201 on LAPTOP-PBJR9RDH with PID 35144 (D:\study-project\sa-token\quick-login\target\classes started by 12870 in D:\study-project\sa-token)
2021-12-16 10:42:40,998 [main] INFO  com.study.boot.quicklogin.QuickLoginApplication : No active profile set, falling back to default profiles: default
2021-12-16 10:42:43,673 [main] INFO  org.springframework.boot.web.embedded.tomcat.TomcatWebServer : Tomcat initialized with port(s): 9999 (http)
2021-12-16 10:42:43,710 [main] INFO  org.apache.coyote.http11.Http11NioProtocol : Initializing ProtocolHandler ["http-nio-9999"]
2021-12-16 10:42:43,711 [main] INFO  org.apache.catalina.core.StandardService : Starting service [Tomcat]
2021-12-16 10:42:43,711 [main] INFO  org.apache.catalina.core.StandardEngine : Starting Servlet engine: [Apache Tomcat/9.0.55]
2021-12-16 10:42:44,109 [main] INFO  org.apache.catalina.core.ContainerBase.[Tomcat].[localhost].[/management] : Initializing Spring embedded WebApplicationContext
2021-12-16 10:42:44,109 [main] INFO  org.springframework.boot.web.servlet.context.ServletWebServerApplicationContext : Root WebApplicationContext: initialization completed in 2988 ms
2021-12-16 10:42:44,564 [main] INFO  com.study.boot.quicklogin.QuickLoginApplication : 创建一个线程池 corePoolSize is [5] maxPoolSize is [20] queueCapacity is [100] keepAliveSeconds is [100] namePrefix is [async-service-].
2021-12-16 10:42:45,286 [main] INFO  org.springframework.boot.autoconfigure.web.servlet.WelcomePageHandlerMapping : Adding welcome page template: index
2021-12-16 10:42:45,604 [main] INFO  org.apache.coyote.http11.Http11NioProtocol : Starting ProtocolHandler ["http-nio-9999"]
2021-12-16 10:42:45,643 [main] INFO  org.springframework.boot.web.embedded.tomcat.TomcatWebServer : Tomcat started on port(s): 9999 (http) with context path '/management'
2021-12-16 10:42:45,648 [main] INFO  org.springframework.messaging.simp.broker.SimpleBrokerMessageHandler : Starting...
2021-12-16 10:42:45,648 [main] INFO  org.springframework.messaging.simp.broker.SimpleBrokerMessageHandler : BrokerAvailabilityEvent[available=true, SimpleBrokerMessageHandler [org.springframework.messaging.simp.broker.DefaultSubscriptionRegistry@1a57720c]]
2021-12-16 10:42:45,648 [main] INFO  org.springframework.messaging.simp.broker.SimpleBrokerMessageHandler : Started.
2021-12-16 10:42:45,668 [main] INFO  com.study.boot.quicklogin.QuickLoginApplication : Started QuickLoginApplication in 6.111 seconds (JVM running for 12.084)
2021-12-16 10:42:50,033 [async-service-2] INFO  com.study.boot.quicklogin.config.LogForward : test
2021-12-16 10:43:00,013 [async-service-3] INFO  com.study.boot.quicklogin.config.LogForward : test
2021-12-16 10:43:00,013 [async-service-4] INFO  com.study.boot.quicklogin.config.LogForward : ok
2021-12-16 10:43:30,009 [async-service-5] INFO  com.study.boot.quicklogin.config.LogForward : ok
2021-12-16 10:43:44,859 [MessageBroker-1] INFO  org.springframework.web.socket.config.WebSocketMessageBrokerStats : WebSocketSession[0 current WS(0)-HttpStream(0)-HttpPoll(0), 0 total, 0 closed abnormally (0 connect failure, 0 send limit, 0 transport error)], stompSubProtocol[processed CONNECT(0)-CONNECTED(0)-DISCONNECT(0)], stompBrokerRelay[null], inboundChannel[pool size = 0, active threads = 0, queued tasks = 0, completed tasks = 0], outboundChannel[pool size = 0, active threads = 0, queued tasks = 0, completed tasks = 0], sockJsScheduler[pool size = 7, active threads = 1, queued tasks = 2, completed tasks = 4]
2021-12-16 10:43:50,012 [async-service-2] INFO  com.study.boot.quicklogin.config.LogForward : test
2021-12-16 10:44:00,011 [async-service-3] INFO  com.study.boot.quicklogin.config.LogForward : ok
2021-12-16 10:44:00,012 [async-service-4] INFO  com.study.boot.quicklogin.config.LogForward : test
2021-12-16 10:44:30,013 [async-service-5] INFO  com.study.boot.quicklogin.config.LogForward : ok
2021-12-16 10:44:50,016 [async-service-2] INFO  com.study.boot.quicklogin.config.LogForward : test
2021-12-16 10:45:00,007 [async-service-3] INFO  com.study.boot.quicklogin.config.LogForward : test
2021-12-16 10:45:00,007 [async-service-4] INFO  com.study.boot.quicklogin.config.LogForward : ok
2021-12-16 10:45:14,410 [http-nio-9999-exec-7] INFO  org.apache.catalina.core.ContainerBase.[Tomcat].[localhost].[/management] : Initializing Spring DispatcherServlet 'dispatcherServlet'
2021-12-16 10:45:14,410 [http-nio-9999-exec-7] INFO  org.springframework.web.servlet.DispatcherServlet : Initializing Servlet 'dispatcherServlet'
2021-12-16 10:45:14,412 [http-nio-9999-exec-7] INFO  org.springframework.web.servlet.DispatcherServlet : Completed initialization in 2 ms
2021-12-16 10:45:30,002 [async-service-5] INFO  com.study.boot.quicklogin.config.LogForward : ok
2021-12-16 10:45:50,010 [async-service-2] INFO  com.study.boot.quicklogin.config.LogForward : test
2021-12-16 10:45:54,812 [http-nio-9999-exec-7] INFO  com.study.boot.quicklogin.controller.HomeController : admin
2021-12-16 10:46:00,015 [async-service-3] INFO  com.study.boot.quicklogin.config.LogForward : test
2021-12-16 10:46:00,015 [async-service-4] INFO  com.study.boot.quicklogin.config.LogForward : ok
2021-12-16 10:46:14,787 [http-nio-9999-exec-10] INFO  com.study.boot.quicklogin.controller.HomeController : 执行controller的finally结构
2021-12-16 10:46:30,004 [async-service-5] INFO  com.study.boot.quicklogin.config.LogForward : ok
2021-12-16 10:46:50,014 [async-service-2] INFO  com.study.boot.quicklogin.config.LogForward : test
2021-12-16 10:47:00,015 [async-service-4] INFO  com.study.boot.quicklogin.config.LogForward : test
2021-12-16 10:47:00,015 [async-service-3] INFO  com.study.boot.quicklogin.config.LogForward : ok
2021-12-16 10:47:30,010 [async-service-5] INFO  com.study.boot.quicklogin.config.LogForward : ok
2021-12-16 10:47:50,006 [async-service-2] INFO  com.study.boot.quicklogin.config.LogForward : test
2021-12-16 10:48:00,013 [async-service-3] INFO  com.study.boot.quicklogin.config.LogForward : ok
2021-12-16 10:48:00,013 [async-service-4] INFO  com.study.boot.quicklogin.config.LogForward : test
2021-12-16 10:48:30,012 [async-service-5] INFO  com.study.boot.quicklogin.config.LogForward : ok
2021-12-16 10:48:50,003 [async-service-2] INFO  com.study.boot.quicklogin.config.LogForward : test
2021-12-16 10:48:58,093 [SpringApplicationShutdownHook] INFO  org.springframework.messaging.simp.broker.SimpleBrokerMessageHandler : Stopping...
2021-12-16 10:48:58,093 [SpringApplicationShutdownHook] INFO  org.springframework.messaging.simp.broker.SimpleBrokerMessageHandler : BrokerAvailabilityEvent[available=false, SimpleBrokerMessageHandler [org.springframework.messaging.simp.broker.DefaultSubscriptionRegistry@1a57720c]]
2021-12-16 10:48:58,093 [SpringApplicationShutdownHook] INFO  org.springframework.messaging.simp.broker.SimpleBrokerMessageHandler : Stopped.
