2021-11-26 09:52:25,200 [main] WARN  com.study.boot.quicklogin.QuickLoginApplication : start application warn log ok 2021-11-26T09:52:25.199
2021-11-26 10:06:00,222 [MessageBroker-4] WARN  com.study.boot.quicklogin.QuickLoginApplication : start application warn log ok 2021-11-26T10:06:00.222
2021-11-26 10:11:42,167 [main] WARN  com.study.boot.quicklogin.QuickLoginApplication : start application warn log ok 2021-11-26T10:11:42.167
2021-11-26 10:32:25,570 [main] WARN  com.study.boot.quicklogin.QuickLoginApplication : start application warn log ok 2021-11-26T10:32:25.570
2021-11-26 11:22:44,494 [main] WARN  com.study.boot.quicklogin.QuickLoginApplication : start application warn log ok 2021-11-26T11:22:44.494
2021-11-26 13:12:04,257 [main] WARN  com.study.boot.quicklogin.QuickLoginApplication : start application warn log ok 2021-11-26T13:12:04.257
2021-11-26 13:12:04,901 [main] WARN  org.springframework.boot.web.servlet.context.AnnotationConfigServletWebServerApplicationContext : Exception encountered during context initialization - cancelling refresh attempt: org.springframework.context.ApplicationContextException: Failed to start bean 'subProtocolWebSocketHandler'; nested exception is java.lang.IllegalArgumentException: No handlers
2021-11-26 13:13:07,690 [main] WARN  org.springframework.boot.web.servlet.context.AnnotationConfigServletWebServerApplicationContext : Exception encountered during context initialization - cancelling refresh attempt: org.springframework.beans.factory.UnsatisfiedDependencyException: Error creating bean with name 'logForward': Unsatisfied dependency expressed through field 'messagingTemplate'; nested exception is org.springframework.beans.factory.NoSuchBeanDefinitionException: No qualifying bean of type 'org.springframework.messaging.simp.SimpMessagingTemplate' available: expected at least 1 bean which qualifies as autowire candidate. Dependency annotations: {@org.springframework.beans.factory.annotation.Autowired(required=true)}
2021-11-26 13:40:46,010 [main] WARN  com.study.boot.quicklogin.QuickLoginApplication : start application warn log ok 2021-11-26T13:40:46.010
2021-11-26 13:41:03,124 [http-nio-9999-exec-7] WARN  org.springframework.web.socket.sockjs.transport.handler.DefaultSockJsService : Invalid SockJS path '/1/info' - required to have 3 path segments
2021-11-26 13:46:30,227 [pool-4-thread-1] WARN  com.study.boot.quicklogin.QuickLoginApplication : start application warn log ok 2021-11-26T13:46:30.227
2021-11-26 13:48:39,769 [main] WARN  com.study.boot.quicklogin.QuickLoginApplication : start application warn log ok 2021-11-26T13:48:39.769
2021-11-26 13:48:39,999 [main] WARN  org.springframework.boot.web.servlet.context.AnnotationConfigServletWebServerApplicationContext : Exception encountered during context initialization - cancelling refresh attempt: org.springframework.beans.factory.BeanCreationException: Error creating bean with name 'simpAnnotationMethodMessageHandler' defined in org.springframework.web.socket.config.annotation.DelegatingWebSocketMessageBrokerConfiguration: Invocation of init method failed; nested exception is java.lang.IllegalStateException: Ambiguous mapping found. Cannot map 'messagesController' bean method 
public java.lang.String com.study.boot.quicklogin.controller.MessagesController.send(java.lang.String)
to {[MESSAGE],[/send]}: There is already 'messageController' bean method
public void com.study.boot.quicklogin.config.websocket.MessageController.send(com.study.boot.quicklogin.config.websocket.MessageModel) mapped.
2021-11-26 13:49:47,925 [main] WARN  com.study.boot.quicklogin.QuickLoginApplication : start application warn log ok 2021-11-26T13:49:47.925
2021-11-26 13:58:40,315 [main] WARN  com.study.boot.quicklogin.QuickLoginApplication : start application warn log ok 2021-11-26T13:58:40.315
2021-11-26 14:11:24,612 [main] WARN  com.study.boot.quicklogin.QuickLoginApplication : start application warn log ok 2021-11-26T14:11:24.612
2021-11-26 14:24:27,533 [main] WARN  com.study.boot.quicklogin.QuickLoginApplication : start application warn log ok 2021-11-26T14:24:27.533
